<?xml version="1.0" encoding="UTF-8"?>
<!-- Generated by org.testng.reporters.JUnitReportReporter -->
<testsuite hostname="DESKTOP-M791J40" failures="0" tests="1" name="api.com.tests.TestGetRequestStaticCoverage" time="4.250" errors="0" timestamp="2022-09-12T23:46:15 PKT" skipped="0">
  <testcase classname="api.com.tests.TestGetRequestStaticCoverage" name="testgetstaticcover" time="4.250"/>
  <system-out/>
</testsuite> <!-- api.com.tests.TestGetRequestStaticCoverage -->
