<?xml version="1.0" encoding="UTF-8"?>
<!-- Generated by org.testng.reporters.JUnitReportReporter -->
<testsuite hostname="DESKTOP-M791J40" failures="0" tests="1" name="api.com.tests.TestGetCalls" time="2.295" errors="0" timestamp="2022-09-12T15:34:30 PKT" skipped="0">
  <testcase classname="api.com.tests.TestGetCalls" name="testGet" time="2.295"/>
  <system-out/>
</testsuite> <!-- api.com.tests.TestGetCalls -->
