<?xml version="1.0" encoding="UTF-8"?>
<!-- Generated by org.testng.reporters.JUnitReportReporter -->
<testsuite hostname="DESKTOP-M791J40" failures="0" tests="1" name="api.com.tests.TestGetRequestTeamScore" time="6.179" errors="0" timestamp="2022-09-12T23:26:02 PKT" skipped="0">
  <testcase classname="api.com.tests.TestGetRequestTeamScore" name="testgetteamscore" time="6.179"/>
  <system-out/>
</testsuite> <!-- api.com.tests.TestGetRequestTeamScore -->
