<?xml version="1.0" encoding="UTF-8"?>
<!-- Generated by org.testng.reporters.JUnitReportReporter -->
<testsuite hostname="DESKTOP-M791J40" failures="0" tests="1" name="api.com.tests.posttest" time="3.672" errors="0" timestamp="2022-09-13T00:46:41 PKT" skipped="0">
  <testcase classname="api.com.tests.posttest" name="post" time="3.672"/>
  <system-out/>
</testsuite> <!-- api.com.tests.posttest -->
