<?xml version="1.0" encoding="UTF-8"?>
<!-- Generated by org.testng.reporters.JUnitReportReporter -->
<testsuite hostname="DESKTOP-M791J40" failures="0" tests="1" name="api.com.tests.TestGetRequestStaticModel" time="25.642" errors="0" timestamp="2022-09-12T23:43:46 PKT" skipped="0">
  <testcase classname="api.com.tests.TestGetRequestStaticModel" name="testgetteamscore" time="25.642"/>
  <system-out/>
</testsuite> <!-- api.com.tests.TestGetRequestStaticModel -->
