<?xml version="1.0" encoding="UTF-8"?>
<!-- Generated by org.testng.reporters.JUnitReportReporter -->
<testsuite hostname="DESKTOP-M791J40" failures="0" tests="2" name="api.com.tests.GetResponses" time="3.005" errors="0" timestamp="2022-09-12T19:19:47 PKT" skipped="0">
  <testcase classname="api.com.tests.GetResponses" name="getResponseBody" time="2.523"/>
  <system-out/>
  <testcase classname="api.com.tests.GetResponses" name="getResponseStatus" time="0.482"/>
  <system-out/>
</testsuite> <!-- api.com.tests.GetResponses -->
